node.exe : ΓÜá Invalid 
next.config.js options 
detected: 
At C:\Program 
Files\nodejs\npx.ps1:29 
char:3
+   & $NODE_EXE $NPX_CLI_JS 
$args
+   
~~~~~~~~~~~~~~~~~~~~~~~~~~~~~
    + CategoryInfo           
   : NotSpecified: (ΓÜá Inv  
  alid nex...ions detected   
 : :String) [], RemoteExc    
eption
    + FullyQualifiedErrorId  
   : NativeCommandError
 
ΓÜá     Unrecognized key(s) 
in object: 'swcMinify'
ΓÜá See more info here: https
://nextjs.org/docs/messages/i
nvalid-next-config
Γû▓ Next.js 16.1.6 (Turbopack)
- Environments: .env.production, .env

  Creating an optimized production build ...

> Build error occurred
Error: Turbopack build 
failed with 3 errors:
./app/(auth)
Invalid import
'client-only' cannot be 
imported from a Server 
Component module. It should 
only be used from a Client 
Component.
The error was caused by 
using 'styled-jsx'. It only 
works in a Client Component 
but none of its parents are 
marked with "use client", so 
they're Server Components by 
default.



./app/(main)
Invalid import
'client-only' cannot be 
imported from a Server 
Component module. It should 
only be used from a Client 
Component.
The error was caused by 
using 'styled-jsx'. It only 
works in a Client Component 
but none of its parents are 
marked with "use client", so 
they're Server Components by 
default.



./app/api/user/profile/route.
ts:2:1
Export getServerSession 
doesn't exist in target 
module
[0m [90m 1 |[39m 
[36mimport[39m { [33mNextR
equest[39m[33m,[39m 
[33mNextResponse[39m } 
[36mfrom[39m 
[32m'next/server'[39m
[31m[1m>[22m[39m[90m 2 
|[39m [36mimport[39m { 
getServerSession } 
[36mfrom[39m 
[32m'next-auth'[39m
 [90m   |[39m [31m[1m^[2
2m[39m[31m[1m^[22m[39m[
31m[1m^[22m[39m[31m[1m^
[22m[39m[31m[1m^[22m[39m
[31m[1m^[22m[39m[31m[1m
^[22m[39m[31m[1m^[22m[3
9m[31m[1m^[22m[39m[31m[
1m^[22m[39m[31m[1m^[22m
[39m[31m[1m^[22m[39m[31m
[1m^[22m[39m[31m[1m^[22
m[39m[31m[1m^[22m[39m[3
1m[1m^[22m[39m[31m[1m^[
22m[39m[31m[1m^[22m[39m
[31m[1m^[22m[39m[31m[1m^
[22m[39m[31m[1m^[22m[39
m[31m[1m^[22m[39m[31m[1
m^[22m[39m[31m[1m^[22m[
39m[31m[1m^[22m[39m[31m
[1m^[22m[39m[31m[1m^[22m
[39m[31m[1m^[22m[39m[31
m[1m^[22m[39m[31m[1m^[2
2m[39m[31m[1m^[22m[39m[
31m[1m^[22m[39m[31m[1m^
[22m[39m[31m[1m^[22m[39m
[31m[1m^[22m[39m[31m[1m
^[22m[39m[31m[1m^[22m[3
9m[31m[1m^[22m[39m[31m[
1m^[22m[39m[31m[1m^[22m
[39m[31m[1m^[22m[39m[31m
[1m^[22m[39m[31m[1m^[22
m[39m[31m[1m^[22m[39m
 [90m 3 |[39m 
[36mimport[39m { 
authOptions } [36mfrom[39m 
[32m'@/app/api/auth/[...next
auth]/route'[39m
 [90m 4 |[39m 
[36mimport[39m { supabase 
} [36mfrom[39m 
[32m'@/lib/supabase'[39m
 [90m 5 |[39m[0m

The export getServerSession 
was not found in module [proj
ect]/node_modules/next-auth/i
ndex.js [app-route] 
(ecmascript).
Did you mean to import 
CredentialsSignin?
All exports of the module 
are statically known (It 
doesn't have dynamic 
exports). So it's known 
statically that the 
requested export doesn't 
exist.


    at <unknown> (./app/api/u
ser/profile/route.ts:2:1)
